<?xml version="1.0" encoding="UTF-8"?>
<testng-results ignored="0" total="1" passed="1" failed="0" skipped="0">
  <reporter-output>
  </reporter-output>
  <suite started-at="2024-04-18T09:10:29 IST" name="Default suite" finished-at="2024-04-18T09:10:43 IST" duration-ms="14236">
    <groups>
      <group name="cucumber">
        <method signature="AbstractTestNGCucumberTests.runScenario(io.cucumber.testng.PickleWrapper,io.cucumber.testng.FeatureWrapper)[pri:0, instance:ApolloRunner.TestRunner@48e1f6c7]" name="runScenario" class="io.cucumber.testng.AbstractTestNGCucumberTests"/>
      </group> <!-- cucumber -->
    </groups>
    <test started-at="2024-04-18T09:10:29 IST" name="Default test" finished-at="2024-04-18T09:10:43 IST" duration-ms="14236">
      <class name="ApolloRunner.TestRunner">
        <test-method is-config="true" signature="setUpClass(org.testng.ITestContext)[pri:0, instance:ApolloRunner.TestRunner@48e1f6c7]" started-at="2024-04-18T09:10:29 IST" name="setUpClass" finished-at="2024-04-18T09:10:30 IST" duration-ms="952" status="PASS">
          <params>
            <param index="0">
              <value>
                <![CDATA[org.testng.TestRunner@51e7589f]]>
              </value>
            </param>
          </params>
          <reporter-output>
          </reporter-output>
        </test-method> <!-- setUpClass -->
        <test-method signature="runScenario(io.cucumber.testng.PickleWrapper,io.cucumber.testng.FeatureWrapper)[pri:0, instance:ApolloRunner.TestRunner@48e1f6c7]" started-at="2024-04-18T09:10:30 IST" name="runScenario" description="Runs Cucumber Scenarios" data-provider="scenarios" finished-at="2024-04-18T09:10:43 IST" duration-ms="12744" status="PASS">
          <params>
            <param index="0">
              <value>
                <![CDATA["Search for Any Product"]]>
              </value>
            </param>
            <param index="1">
              <value>
                <![CDATA["Adding Personal Care Products to Cart on Apollo Pharmacy Website"]]>
              </value>
            </param>
          </params>
          <reporter-output>
          </reporter-output>
        </test-method> <!-- runScenario -->
        <test-method is-config="true" signature="tearDownClass()[pri:0, instance:ApolloRunner.TestRunner@48e1f6c7]" started-at="2024-04-18T09:10:43 IST" name="tearDownClass" finished-at="2024-04-18T09:10:43 IST" duration-ms="495" status="PASS">
          <reporter-output>
          </reporter-output>
        </test-method> <!-- tearDownClass -->
      </class> <!-- ApolloRunner.TestRunner -->
    </test> <!-- Default test -->
  </suite> <!-- Default suite -->
</testng-results>
